[debug] [2024-12-02T09:11:08.208Z] ----------------------------------------------------------------------
[debug] [2024-12-02T09:11:08.210Z] Command:       /usr/local/bin/node /usr/local/bin/firebase deploy
[debug] [2024-12-02T09:11:08.210Z] CLI Version:   13.24.2
[debug] [2024-12-02T09:11:08.211Z] Platform:      darwin
[debug] [2024-12-02T09:11:08.213Z] Node Version:  v18.13.0
[debug] [2024-12-02T09:11:08.214Z] Time:          Mon Dec 02 2024 03:11:08 GMT-0600 (Central Standard Time)
[debug] [2024-12-02T09:11:08.215Z] ----------------------------------------------------------------------
[debug] 
[debug] [2024-12-02T09:11:08.431Z] Object ".hosting.rewrites[0]" in "firebase.json" has unknown property: {"additionalProperty":"source"}
[debug] [2024-12-02T09:11:08.436Z] Object ".hosting.rewrites[0]" in "firebase.json" has unknown property: {"additionalProperty":"source"}
[debug] [2024-12-02T09:11:08.437Z] Object ".hosting.rewrites[0]" in "firebase.json" has unknown property: {"additionalProperty":"source"}
[debug] [2024-12-02T09:11:08.437Z] Object ".hosting.rewrites[0]" in "firebase.json" has unknown property: {"additionalProperty":"source"}
[debug] [2024-12-02T09:11:08.438Z] Object ".hosting.rewrites[0]" in "firebase.json" has unknown property: {"additionalProperty":"source"}
[debug] [2024-12-02T09:11:08.439Z] Object ".hosting.rewrites[0]" in "firebase.json" has unknown property: {"additionalProperty":"function"}
[debug] [2024-12-02T09:11:08.441Z] Object ".hosting.rewrites[0]" in "firebase.json" has unknown property: {"additionalProperty":"destination"}
[debug] [2024-12-02T09:11:08.443Z] Object ".hosting.rewrites[0]" in "firebase.json" has unknown property: {"additionalProperty":"destination"}
[debug] [2024-12-02T09:11:08.447Z] Object ".hosting.rewrites[0]" in "firebase.json" has unknown property: {"additionalProperty":"destination"}
[debug] [2024-12-02T09:11:08.448Z] Object ".hosting.rewrites[0]" in "firebase.json" has unknown property: {"additionalProperty":"destination"}
[debug] [2024-12-02T09:11:08.453Z] Object ".hosting.rewrites[0]" in "firebase.json" has unknown property: {"additionalProperty":"source"}
[debug] [2024-12-02T09:11:08.453Z] Object ".hosting.rewrites[0]" in "firebase.json" has unknown property: {"additionalProperty":"source"}
[debug] [2024-12-02T09:11:08.453Z] Object ".hosting.rewrites[0]" in "firebase.json" has unknown property: {"additionalProperty":"source"}
[debug] [2024-12-02T09:11:08.453Z] Object ".hosting.rewrites[0]" in "firebase.json" has unknown property: {"additionalProperty":"source"}
[debug] [2024-12-02T09:11:08.453Z] Object ".hosting.rewrites[0]" in "firebase.json" has unknown property: {"additionalProperty":"source"}
[debug] [2024-12-02T09:11:08.453Z] Field ".hosting.rewrites[0]" in "firebase.json" is possibly invalid: should match some schema in anyOf
[debug] [2024-12-02T09:11:08.454Z] Field ".hosting" in "firebase.json" is possibly invalid: should be array
[debug] [2024-12-02T09:11:08.454Z] Field ".hosting" in "firebase.json" is possibly invalid: should match some schema in anyOf
[debug] [2024-12-02T09:11:08.466Z] > command requires scopes: ["email","openid","https://www.googleapis.com/auth/cloudplatformprojects.readonly","https://www.googleapis.com/auth/firebase","https://www.googleapis.com/auth/cloud-platform"]
[debug] [2024-12-02T09:11:08.469Z] > authorizing via signed-in user (nick88morris22@gmail.com)
[debug] [2024-12-02T09:11:08.470Z] [iam] checking project defensio-46cf4 for permissions ["cloudfunctions.functions.create","cloudfunctions.functions.delete","cloudfunctions.functions.get","cloudfunctions.functions.list","cloudfunctions.functions.update","cloudfunctions.operations.get","datastore.indexes.create","datastore.indexes.delete","datastore.indexes.list","datastore.indexes.update","firebase.projects.get","firebasehosting.sites.update"]
[debug] [2024-12-02T09:11:08.472Z] Checked if tokens are valid: true, expires at: 1733131680762
[debug] [2024-12-02T09:11:08.474Z] Checked if tokens are valid: true, expires at: 1733131680762
[debug] [2024-12-02T09:11:08.475Z] >>> [apiv2][query] POST https://cloudresourcemanager.googleapis.com/v1/projects/defensio-46cf4:testIamPermissions [none]
[debug] [2024-12-02T09:11:08.475Z] >>> [apiv2][(partial)header] POST https://cloudresourcemanager.googleapis.com/v1/projects/defensio-46cf4:testIamPermissions x-goog-quota-user=projects/defensio-46cf4
[debug] [2024-12-02T09:11:08.475Z] >>> [apiv2][body] POST https://cloudresourcemanager.googleapis.com/v1/projects/defensio-46cf4:testIamPermissions {"permissions":["cloudfunctions.functions.create","cloudfunctions.functions.delete","cloudfunctions.functions.get","cloudfunctions.functions.list","cloudfunctions.functions.update","cloudfunctions.operations.get","datastore.indexes.create","datastore.indexes.delete","datastore.indexes.list","datastore.indexes.update","firebase.projects.get","firebasehosting.sites.update"]}
[debug] [2024-12-02T09:11:08.762Z] <<< [apiv2][status] POST https://cloudresourcemanager.googleapis.com/v1/projects/defensio-46cf4:testIamPermissions 200
[debug] [2024-12-02T09:11:08.766Z] <<< [apiv2][body] POST https://cloudresourcemanager.googleapis.com/v1/projects/defensio-46cf4:testIamPermissions {"permissions":["cloudfunctions.functions.create","cloudfunctions.functions.delete","cloudfunctions.functions.get","cloudfunctions.functions.list","cloudfunctions.functions.update","cloudfunctions.operations.get","datastore.indexes.create","datastore.indexes.delete","datastore.indexes.list","datastore.indexes.update","firebase.projects.get","firebasehosting.sites.update"]}
[debug] [2024-12-02T09:11:08.767Z] Checked if tokens are valid: true, expires at: 1733131680762
[debug] [2024-12-02T09:11:08.768Z] Checked if tokens are valid: true, expires at: 1733131680762
[debug] [2024-12-02T09:11:08.768Z] >>> [apiv2][query] POST https://iam.googleapis.com/v1/projects/defensio-46cf4/serviceAccounts/defensio-46cf4@appspot.gserviceaccount.com:testIamPermissions [none]
[debug] [2024-12-02T09:11:08.768Z] >>> [apiv2][body] POST https://iam.googleapis.com/v1/projects/defensio-46cf4/serviceAccounts/defensio-46cf4@appspot.gserviceaccount.com:testIamPermissions {"permissions":["iam.serviceAccounts.actAs"]}
[debug] [2024-12-02T09:11:08.959Z] <<< [apiv2][status] POST https://iam.googleapis.com/v1/projects/defensio-46cf4/serviceAccounts/defensio-46cf4@appspot.gserviceaccount.com:testIamPermissions 200
[debug] [2024-12-02T09:11:08.960Z] <<< [apiv2][body] POST https://iam.googleapis.com/v1/projects/defensio-46cf4/serviceAccounts/defensio-46cf4@appspot.gserviceaccount.com:testIamPermissions {"permissions":["iam.serviceAccounts.actAs"]}
[debug] [2024-12-02T09:11:08.961Z] Checked if tokens are valid: true, expires at: 1733131680762
[debug] [2024-12-02T09:11:08.961Z] Checked if tokens are valid: true, expires at: 1733131680762
[debug] [2024-12-02T09:11:08.962Z] >>> [apiv2][query] GET https://firebase.googleapis.com/v1beta1/projects/defensio-46cf4 [none]
[debug] [2024-12-02T09:11:09.229Z] <<< [apiv2][status] GET https://firebase.googleapis.com/v1beta1/projects/defensio-46cf4 200
[debug] [2024-12-02T09:11:09.230Z] <<< [apiv2][body] GET https://firebase.googleapis.com/v1beta1/projects/defensio-46cf4 {"projectId":"defensio-46cf4","projectNumber":"572297073167","displayName":"Defensio","name":"projects/defensio-46cf4","resources":{"hostingSite":"defensio-46cf4"},"state":"ACTIVE","etag":"1_a4f0cf6c-9ca3-4f9a-9f5b-35b68275bbfd"}
[info] 
[info] === Deploying to 'defensio-46cf4'...
[info] 
[info] i  deploying firestore, functions, hosting 
[info] i  firestore: reading indexes from firestore.indexes.json... 
[info] i  cloud.firestore: checking firestore.rules for compilation errors... 
[debug] [2024-12-02T09:11:09.238Z] Checked if tokens are valid: true, expires at: 1733131680762
[debug] [2024-12-02T09:11:09.239Z] Checked if tokens are valid: true, expires at: 1733131680762
[debug] [2024-12-02T09:11:09.239Z] >>> [apiv2][query] POST https://firebaserules.googleapis.com/v1/projects/defensio-46cf4:test [none]
[debug] [2024-12-02T09:11:09.239Z] >>> [apiv2][body] POST https://firebaserules.googleapis.com/v1/projects/defensio-46cf4:test [omitted]
[debug] [2024-12-02T09:11:09.416Z] <<< [apiv2][status] POST https://firebaserules.googleapis.com/v1/projects/defensio-46cf4:test 200
[debug] [2024-12-02T09:11:09.417Z] <<< [apiv2][body] POST https://firebaserules.googleapis.com/v1/projects/defensio-46cf4:test {}
[info] ✔  cloud.firestore: rules file firestore.rules compiled successfully 
[debug] [2024-12-02T09:11:09.418Z] Checked if tokens are valid: true, expires at: 1733131680762
[debug] [2024-12-02T09:11:09.419Z] Checked if tokens are valid: true, expires at: 1733131680762
[debug] [2024-12-02T09:11:09.419Z] >>> [apiv2][query] GET https://firebase.googleapis.com/v1beta1/projects/defensio-46cf4 [none]
[debug] [2024-12-02T09:11:09.664Z] <<< [apiv2][status] GET https://firebase.googleapis.com/v1beta1/projects/defensio-46cf4 200
[debug] [2024-12-02T09:11:09.664Z] <<< [apiv2][body] GET https://firebase.googleapis.com/v1beta1/projects/defensio-46cf4 {"projectId":"defensio-46cf4","projectNumber":"572297073167","displayName":"Defensio","name":"projects/defensio-46cf4","resources":{"hostingSite":"defensio-46cf4"},"state":"ACTIVE","etag":"1_a4f0cf6c-9ca3-4f9a-9f5b-35b68275bbfd"}
[info] i  functions: preparing codebase default for deployment 
[info] i  functions: ensuring required API cloudfunctions.googleapis.com is enabled... 
[debug] [2024-12-02T09:11:09.667Z] Checked if tokens are valid: true, expires at: 1733131680762
[debug] [2024-12-02T09:11:09.667Z] Checked if tokens are valid: true, expires at: 1733131680762
[debug] [2024-12-02T09:11:09.668Z] Checked if tokens are valid: true, expires at: 1733131680762
[debug] [2024-12-02T09:11:09.668Z] Checked if tokens are valid: true, expires at: 1733131680762
[info] i  functions: ensuring required API cloudbuild.googleapis.com is enabled... 
[debug] [2024-12-02T09:11:09.669Z] Checked if tokens are valid: true, expires at: 1733131680762
[debug] [2024-12-02T09:11:09.669Z] Checked if tokens are valid: true, expires at: 1733131680762
[info] i  artifactregistry: ensuring required API artifactregistry.googleapis.com is enabled... 
[debug] [2024-12-02T09:11:09.669Z] Checked if tokens are valid: true, expires at: 1733131680762
[debug] [2024-12-02T09:11:09.669Z] Checked if tokens are valid: true, expires at: 1733131680762
[debug] [2024-12-02T09:11:09.670Z] >>> [apiv2][query] GET https://serviceusage.googleapis.com/v1/projects/defensio-46cf4/services/cloudfunctions.googleapis.com [none]
[debug] [2024-12-02T09:11:09.670Z] >>> [apiv2][(partial)header] GET https://serviceusage.googleapis.com/v1/projects/defensio-46cf4/services/cloudfunctions.googleapis.com x-goog-quota-user=projects/defensio-46cf4
[debug] [2024-12-02T09:11:09.683Z] >>> [apiv2][query] GET https://serviceusage.googleapis.com/v1/projects/defensio-46cf4/services/runtimeconfig.googleapis.com [none]
[debug] [2024-12-02T09:11:09.684Z] >>> [apiv2][(partial)header] GET https://serviceusage.googleapis.com/v1/projects/defensio-46cf4/services/runtimeconfig.googleapis.com x-goog-quota-user=projects/defensio-46cf4
[debug] [2024-12-02T09:11:09.688Z] >>> [apiv2][query] GET https://serviceusage.googleapis.com/v1/projects/defensio-46cf4/services/cloudbuild.googleapis.com [none]
[debug] [2024-12-02T09:11:09.688Z] >>> [apiv2][(partial)header] GET https://serviceusage.googleapis.com/v1/projects/defensio-46cf4/services/cloudbuild.googleapis.com x-goog-quota-user=projects/defensio-46cf4
[debug] [2024-12-02T09:11:09.689Z] >>> [apiv2][query] GET https://serviceusage.googleapis.com/v1/projects/defensio-46cf4/services/artifactregistry.googleapis.com [none]
[debug] [2024-12-02T09:11:09.690Z] >>> [apiv2][(partial)header] GET https://serviceusage.googleapis.com/v1/projects/defensio-46cf4/services/artifactregistry.googleapis.com x-goog-quota-user=projects/defensio-46cf4
[debug] [2024-12-02T09:11:09.975Z] <<< [apiv2][status] GET https://serviceusage.googleapis.com/v1/projects/defensio-46cf4/services/cloudfunctions.googleapis.com 200
[debug] [2024-12-02T09:11:09.980Z] <<< [apiv2][body] GET https://serviceusage.googleapis.com/v1/projects/defensio-46cf4/services/cloudfunctions.googleapis.com [omitted]
[info] ✔  functions: required API cloudfunctions.googleapis.com is enabled 
[debug] [2024-12-02T09:11:09.982Z] <<< [apiv2][status] GET https://serviceusage.googleapis.com/v1/projects/defensio-46cf4/services/runtimeconfig.googleapis.com 200
[debug] [2024-12-02T09:11:09.982Z] <<< [apiv2][body] GET https://serviceusage.googleapis.com/v1/projects/defensio-46cf4/services/runtimeconfig.googleapis.com [omitted]
[debug] [2024-12-02T09:11:09.984Z] <<< [apiv2][status] GET https://serviceusage.googleapis.com/v1/projects/defensio-46cf4/services/cloudbuild.googleapis.com 200
[debug] [2024-12-02T09:11:09.984Z] <<< [apiv2][body] GET https://serviceusage.googleapis.com/v1/projects/defensio-46cf4/services/cloudbuild.googleapis.com [omitted]
[info] ✔  functions: required API cloudbuild.googleapis.com is enabled 
[debug] [2024-12-02T09:11:09.986Z] <<< [apiv2][status] GET https://serviceusage.googleapis.com/v1/projects/defensio-46cf4/services/artifactregistry.googleapis.com 200
[debug] [2024-12-02T09:11:09.986Z] <<< [apiv2][body] GET https://serviceusage.googleapis.com/v1/projects/defensio-46cf4/services/artifactregistry.googleapis.com [omitted]
[info] ✔  artifactregistry: required API artifactregistry.googleapis.com is enabled 
[debug] [2024-12-02T09:11:09.988Z] Checked if tokens are valid: true, expires at: 1733131680762
[debug] [2024-12-02T09:11:09.988Z] Checked if tokens are valid: true, expires at: 1733131680762
[debug] [2024-12-02T09:11:09.988Z] >>> [apiv2][query] GET https://firebase.googleapis.com/v1beta1/projects/defensio-46cf4/adminSdkConfig [none]
[debug] [2024-12-02T09:11:10.209Z] <<< [apiv2][status] GET https://firebase.googleapis.com/v1beta1/projects/defensio-46cf4/adminSdkConfig 200
[debug] [2024-12-02T09:11:10.210Z] <<< [apiv2][body] GET https://firebase.googleapis.com/v1beta1/projects/defensio-46cf4/adminSdkConfig {"projectId":"defensio-46cf4","storageBucket":"defensio-46cf4.firebasestorage.app"}
[debug] [2024-12-02T09:11:10.211Z] Checked if tokens are valid: true, expires at: 1733131680762
[debug] [2024-12-02T09:11:10.211Z] Checked if tokens are valid: true, expires at: 1733131680762
[debug] [2024-12-02T09:11:10.212Z] >>> [apiv2][query] GET https://runtimeconfig.googleapis.com/v1beta1/projects/defensio-46cf4/configs [none]
[debug] [2024-12-02T09:11:10.424Z] <<< [apiv2][status] GET https://runtimeconfig.googleapis.com/v1beta1/projects/defensio-46cf4/configs 200
[debug] [2024-12-02T09:11:10.425Z] <<< [apiv2][body] GET https://runtimeconfig.googleapis.com/v1beta1/projects/defensio-46cf4/configs {"configs":[{"name":"projects/defensio-46cf4/configs/backend"}]}
[debug] [2024-12-02T09:11:10.426Z] Checked if tokens are valid: true, expires at: 1733131680762
[debug] [2024-12-02T09:11:10.426Z] Checked if tokens are valid: true, expires at: 1733131680762
[debug] [2024-12-02T09:11:10.427Z] >>> [apiv2][query] GET https://runtimeconfig.googleapis.com/v1beta1/projects/defensio-46cf4/configs/backend/variables [none]
[debug] [2024-12-02T09:11:10.600Z] <<< [apiv2][status] GET https://runtimeconfig.googleapis.com/v1beta1/projects/defensio-46cf4/configs/backend/variables 200
[debug] [2024-12-02T09:11:10.601Z] <<< [apiv2][body] GET https://runtimeconfig.googleapis.com/v1beta1/projects/defensio-46cf4/configs/backend/variables {"variables":[{"name":"projects/defensio-46cf4/configs/backend/variables/url","updateTime":"2024-11-13T22:09:14.463731239Z"}]}
[debug] [2024-12-02T09:11:10.602Z] Checked if tokens are valid: true, expires at: 1733131680762
[debug] [2024-12-02T09:11:10.603Z] Checked if tokens are valid: true, expires at: 1733131680762
[debug] [2024-12-02T09:11:10.603Z] >>> [apiv2][query] GET https://runtimeconfig.googleapis.com/v1beta1/projects/defensio-46cf4/configs/backend/variables/url [none]
[debug] [2024-12-02T09:11:10.773Z] <<< [apiv2][status] GET https://runtimeconfig.googleapis.com/v1beta1/projects/defensio-46cf4/configs/backend/variables/url 200
[debug] [2024-12-02T09:11:10.774Z] <<< [apiv2][body] GET https://runtimeconfig.googleapis.com/v1beta1/projects/defensio-46cf4/configs/backend/variables/url {"name":"projects/defensio-46cf4/configs/backend/variables/url","updateTime":"2024-11-13T22:09:14.463731239Z","text":"https://flask-backend-572297073167.us-south1.run.app"}
[debug] [2024-12-02T09:11:10.784Z] Validating nodejs source
[warn] ⚠  functions: package.json indicates an outdated version of firebase-functions. Please upgrade using npm install --save firebase-functions@latest in your functions directory. 
[debug] [2024-12-02T09:11:12.002Z] > [functions] package.json contents: {
  "name": "functions",
  "description": "Cloud Functions for Firebase",
  "scripts": {
    "serve": "firebase emulators:start --only functions",
    "shell": "firebase functions:shell",
    "start": "npm run shell",
    "deploy": "firebase deploy --only functions",
    "logs": "firebase functions:log"
  },
  "engines": {
    "node": "18"
  },
  "main": "index.js",
  "dependencies": {
    "firebase-admin": "^12.6.0",
    "firebase-functions": "^6.0.1"
  },
  "devDependencies": {
    "firebase-functions-test": "^3.1.0"
  },
  "private": true
}
[debug] [2024-12-02T09:11:12.002Z] Building nodejs source
[info] i  functions: Loading and analyzing source code for codebase default to determine what to deploy 
[debug] [2024-12-02T09:11:12.004Z] Could not find functions.yaml. Must use http discovery
[debug] [2024-12-02T09:11:12.028Z] Found firebase-functions binary at '/Users/nick_morris/Documents/Coding/defensio/functions/node_modules/.bin/firebase-functions'
[info] Serving at port 8720

[debug] [2024-12-02T09:11:12.572Z] Got response from /__/functions.yaml {"endpoints":{},"specVersion":"v1alpha1","requiredAPIs":[],"extensions":{}}
[info] i  extensions: ensuring required API firebaseextensions.googleapis.com is enabled... 
[debug] [2024-12-02T09:11:12.595Z] Checked if tokens are valid: true, expires at: 1733131680762
[debug] [2024-12-02T09:11:12.595Z] Checked if tokens are valid: true, expires at: 1733131680762
[debug] [2024-12-02T09:11:12.595Z] >>> [apiv2][query] GET https://serviceusage.googleapis.com/v1/projects/defensio-46cf4/services/firebaseextensions.googleapis.com [none]
[debug] [2024-12-02T09:11:12.595Z] >>> [apiv2][(partial)header] GET https://serviceusage.googleapis.com/v1/projects/defensio-46cf4/services/firebaseextensions.googleapis.com x-goog-quota-user=projects/defensio-46cf4
[debug] [2024-12-02T09:11:12.840Z] <<< [apiv2][status] GET https://serviceusage.googleapis.com/v1/projects/defensio-46cf4/services/firebaseextensions.googleapis.com 200
[debug] [2024-12-02T09:11:12.840Z] <<< [apiv2][body] GET https://serviceusage.googleapis.com/v1/projects/defensio-46cf4/services/firebaseextensions.googleapis.com [omitted]
[info] ✔  extensions: required API firebaseextensions.googleapis.com is enabled 
[debug] [2024-12-02T09:11:12.843Z] > command requires scopes: ["email","openid","https://www.googleapis.com/auth/cloudplatformprojects.readonly","https://www.googleapis.com/auth/firebase","https://www.googleapis.com/auth/cloud-platform"]
[debug] [2024-12-02T09:11:12.845Z] > authorizing via signed-in user (nick88morris22@gmail.com)
[debug] [2024-12-02T09:11:12.846Z] [iam] checking project defensio-46cf4 for permissions ["firebase.projects.get","firebaseextensions.instances.list"]
[debug] [2024-12-02T09:11:12.846Z] Checked if tokens are valid: true, expires at: 1733131680762
[debug] [2024-12-02T09:11:12.846Z] Checked if tokens are valid: true, expires at: 1733131680762
[debug] [2024-12-02T09:11:12.847Z] >>> [apiv2][query] POST https://cloudresourcemanager.googleapis.com/v1/projects/defensio-46cf4:testIamPermissions [none]
[debug] [2024-12-02T09:11:12.848Z] >>> [apiv2][(partial)header] POST https://cloudresourcemanager.googleapis.com/v1/projects/defensio-46cf4:testIamPermissions x-goog-quota-user=projects/defensio-46cf4
[debug] [2024-12-02T09:11:12.848Z] >>> [apiv2][body] POST https://cloudresourcemanager.googleapis.com/v1/projects/defensio-46cf4:testIamPermissions {"permissions":["firebase.projects.get","firebaseextensions.instances.list"]}
[debug] [2024-12-02T09:11:13.000Z] <<< [apiv2][status] POST https://cloudresourcemanager.googleapis.com/v1/projects/defensio-46cf4:testIamPermissions 200
[debug] [2024-12-02T09:11:13.002Z] <<< [apiv2][body] POST https://cloudresourcemanager.googleapis.com/v1/projects/defensio-46cf4:testIamPermissions {"permissions":["firebase.projects.get","firebaseextensions.instances.list"]}
[debug] [2024-12-02T09:11:13.005Z] Checked if tokens are valid: true, expires at: 1733131680762
[debug] [2024-12-02T09:11:13.005Z] Checked if tokens are valid: true, expires at: 1733131680762
[debug] [2024-12-02T09:11:13.008Z] >>> [apiv2][query] GET https://firebaseextensions.googleapis.com/v1beta/projects/defensio-46cf4/instances pageSize=100&pageToken=
[debug] [2024-12-02T09:11:13.266Z] <<< [apiv2][status] GET https://firebaseextensions.googleapis.com/v1beta/projects/defensio-46cf4/instances 200
[debug] [2024-12-02T09:11:13.267Z] <<< [apiv2][body] GET https://firebaseextensions.googleapis.com/v1beta/projects/defensio-46cf4/instances {}
[debug] [2024-12-02T09:11:13.274Z] Checked if tokens are valid: true, expires at: 1733131680762
[debug] [2024-12-02T09:11:13.274Z] Checked if tokens are valid: true, expires at: 1733131680762
[debug] [2024-12-02T09:11:13.275Z] >>> [apiv2][query] GET https://cloudfunctions.googleapis.com/v1/projects/defensio-46cf4/locations/-/functions [none]
[debug] [2024-12-02T09:11:13.798Z] <<< [apiv2][status] GET https://cloudfunctions.googleapis.com/v1/projects/defensio-46cf4/locations/-/functions 200
[debug] [2024-12-02T09:11:13.799Z] <<< [apiv2][body] GET https://cloudfunctions.googleapis.com/v1/projects/defensio-46cf4/locations/-/functions {}
[debug] [2024-12-02T09:11:13.800Z] Checked if tokens are valid: true, expires at: 1733131680762
[debug] [2024-12-02T09:11:13.800Z] Checked if tokens are valid: true, expires at: 1733131680762
[debug] [2024-12-02T09:11:13.801Z] >>> [apiv2][query] GET https://cloudfunctions.googleapis.com/v2/projects/defensio-46cf4/locations/-/functions filter=environment%3D%22GEN_2%22
[debug] [2024-12-02T09:11:14.335Z] <<< [apiv2][status] GET https://cloudfunctions.googleapis.com/v2/projects/defensio-46cf4/locations/-/functions 200
[debug] [2024-12-02T09:11:14.335Z] <<< [apiv2][body] GET https://cloudfunctions.googleapis.com/v2/projects/defensio-46cf4/locations/-/functions {}
[debug] [2024-12-02T09:11:14.353Z] Checked if tokens are valid: true, expires at: 1733131680762
[debug] [2024-12-02T09:11:14.353Z] Checked if tokens are valid: true, expires at: 1733131680762
[debug] [2024-12-02T09:11:14.354Z] >>> [apiv2][query] POST https://firebasehosting.googleapis.com/v1beta1/projects/-/sites/defensio-46cf4/versions [none]
[debug] [2024-12-02T09:11:14.355Z] >>> [apiv2][body] POST https://firebasehosting.googleapis.com/v1beta1/projects/-/sites/defensio-46cf4/versions {"status":"CREATED","labels":{"deployment-tool":"cli-firebase"}}
[debug] [2024-12-02T09:11:14.901Z] <<< [apiv2][status] POST https://firebasehosting.googleapis.com/v1beta1/projects/-/sites/defensio-46cf4/versions 200
[debug] [2024-12-02T09:11:14.902Z] <<< [apiv2][body] POST https://firebasehosting.googleapis.com/v1beta1/projects/-/sites/defensio-46cf4/versions {"name":"projects/572297073167/sites/defensio-46cf4/versions/f10366b0605c618c","status":"CREATED","config":{},"labels":{"deployment-tool":"cli-firebase"}}
[debug] [2024-12-02T09:11:14.905Z] Checked if tokens are valid: true, expires at: 1733131680762
[debug] [2024-12-02T09:11:14.905Z] Checked if tokens are valid: true, expires at: 1733131680762
[info] i  firestore: deploying indexes... 
[debug] [2024-12-02T09:11:14.908Z] Checked if tokens are valid: true, expires at: 1733131680762
[debug] [2024-12-02T09:11:14.908Z] Checked if tokens are valid: true, expires at: 1733131680762
[debug] [2024-12-02T09:11:14.910Z] >>> [apiv2][query] GET https://firebaserules.googleapis.com/v1/projects/defensio-46cf4/releases pageSize=10&pageToken=
[debug] [2024-12-02T09:11:14.917Z] >>> [apiv2][query] GET https://firestore.googleapis.com/v1/projects/defensio-46cf4/databases/(default)/collectionGroups/-/indexes [none]
[debug] [2024-12-02T09:11:15.061Z] <<< [apiv2][status] GET https://firebaserules.googleapis.com/v1/projects/defensio-46cf4/releases 200
[debug] [2024-12-02T09:11:15.061Z] <<< [apiv2][body] GET https://firebaserules.googleapis.com/v1/projects/defensio-46cf4/releases {"releases":[{"name":"projects/defensio-46cf4/releases/cloud.firestore","rulesetName":"projects/defensio-46cf4/rulesets/b575ae92-477e-412e-b732-7c9273fc3374","createTime":"2024-11-12T06:24:08.982526Z","updateTime":"2024-12-02T09:01:58.227717Z"}]}
[debug] [2024-12-02T09:11:15.062Z] Checked if tokens are valid: true, expires at: 1733131680762
[debug] [2024-12-02T09:11:15.062Z] Checked if tokens are valid: true, expires at: 1733131680762
[debug] [2024-12-02T09:11:15.062Z] >>> [apiv2][query] GET https://firebaserules.googleapis.com/v1/projects/defensio-46cf4/rulesets/b575ae92-477e-412e-b732-7c9273fc3374 [none]
[debug] [2024-12-02T09:11:15.125Z] <<< [apiv2][status] GET https://firestore.googleapis.com/v1/projects/defensio-46cf4/databases/(default)/collectionGroups/-/indexes 200
[debug] [2024-12-02T09:11:15.126Z] <<< [apiv2][body] GET https://firestore.googleapis.com/v1/projects/defensio-46cf4/databases/(default)/collectionGroups/-/indexes {}
[debug] [2024-12-02T09:11:15.128Z] Checked if tokens are valid: true, expires at: 1733131680762
[debug] [2024-12-02T09:11:15.129Z] Checked if tokens are valid: true, expires at: 1733131680762
[debug] [2024-12-02T09:11:15.130Z] >>> [apiv2][query] GET https://firestore.googleapis.com/v1/projects/defensio-46cf4/databases/(default)/collectionGroups/-/fields?filter=indexConfig.usesAncestorConfig=false OR ttlConfig:* [none]
[debug] [2024-12-02T09:11:15.178Z] <<< [apiv2][status] GET https://firebaserules.googleapis.com/v1/projects/defensio-46cf4/rulesets/b575ae92-477e-412e-b732-7c9273fc3374 200
[debug] [2024-12-02T09:11:15.178Z] <<< [apiv2][body] GET https://firebaserules.googleapis.com/v1/projects/defensio-46cf4/rulesets/b575ae92-477e-412e-b732-7c9273fc3374 [omitted]
[info] i  firestore: latest version of firestore.rules already up to date, skipping upload... 
[debug] [2024-12-02T09:11:15.322Z] <<< [apiv2][status] GET https://firestore.googleapis.com/v1/projects/defensio-46cf4/databases/(default)/collectionGroups/-/fields?filter=indexConfig.usesAncestorConfig=false OR ttlConfig:* 200
[debug] [2024-12-02T09:11:15.323Z] <<< [apiv2][body] GET https://firestore.googleapis.com/v1/projects/defensio-46cf4/databases/(default)/collectionGroups/-/fields?filter=indexConfig.usesAncestorConfig=false OR ttlConfig:* {"fields":[{"name":"projects/defensio-46cf4/databases/(default)/collectionGroups/__default__/fields/*","indexConfig":{"indexes":[{"queryScope":"COLLECTION","fields":[{"fieldPath":"*","order":"ASCENDING"}],"state":"READY"},{"queryScope":"COLLECTION","fields":[{"fieldPath":"*","order":"DESCENDING"}],"state":"READY"},{"queryScope":"COLLECTION","fields":[{"fieldPath":"*","arrayConfig":"CONTAINS"}],"state":"READY"}]}}]}
[info] ✔  firestore: deployed indexes in firestore.indexes.json successfully for (default) database 
[debug] [2024-12-02T09:11:15.327Z] Checked if tokens are valid: true, expires at: 1733131680762
[debug] [2024-12-02T09:11:15.327Z] Checked if tokens are valid: true, expires at: 1733131680762
[debug] [2024-12-02T09:11:15.328Z] >>> [apiv2][query] GET https://cloudbilling.googleapis.com/v1/projects/defensio-46cf4/billingInfo [none]
[debug] [2024-12-02T09:11:15.530Z] <<< [apiv2][status] GET https://cloudbilling.googleapis.com/v1/projects/defensio-46cf4/billingInfo 200
[debug] [2024-12-02T09:11:15.531Z] <<< [apiv2][body] GET https://cloudbilling.googleapis.com/v1/projects/defensio-46cf4/billingInfo {"name":"projects/defensio-46cf4/billingInfo","projectId":"defensio-46cf4","billingAccountName":"billingAccounts/014F10-89D8FA-19CFB3","billingEnabled":true}
[info] i  hosting[defensio-46cf4]: beginning deploy... 
[info] i  hosting[defensio-46cf4]: found 27 files in build 
[debug] [2024-12-02T09:11:15.587Z] [hosting] uploading with 200 concurrency
